[ 2025-06-18 18:30:38,239 ] 43 root - INFO - Start data Ingestion
[ 2025-06-18 18:30:43,559 ] 66 root - INFO - Performed train test split on the dataframe
[ 2025-06-18 18:30:43,559 ] 68 root - INFO - Exited split_data_as_train_test method of Data_Ingestion class
[ 2025-06-18 18:30:43,559 ] 76 root - INFO - Exporting train and test file path.
[ 2025-06-18 18:30:43,609 ] 85 root - INFO - Exported train and test file path.
[ 2025-06-18 18:30:43,609 ] 48 root - INFO - Data Ingestion completed and artifact: DataIngestionArtifact(trained_file_path='Artifacts\\06_18_2025_18_29_19\\data_ingestion\\ingested\\train.csv', test_file_path='Artifacts\\06_18_2025_18_29_19\\data_ingestion\\ingested\\test.csv')
[ 2025-06-18 18:30:43,612 ] 65 root - INFO - Initiate the data Validation
[ 2025-06-18 18:30:43,638 ] 39 root - INFO - Required number of columns:2
[ 2025-06-18 18:30:43,639 ] 40 root - INFO - Data frame has columns:31
[ 2025-06-18 18:30:43,639 ] 39 root - INFO - Required number of columns:2
[ 2025-06-18 18:30:43,639 ] 40 root - INFO - Data frame has columns:31
[ 2025-06-18 18:30:43,749 ] 72 root - INFO - Entered initiate_data_transformation method of DataTransformation class
[ 2025-06-18 18:30:43,749 ] 76 root - INFO - Starting data transformation
[ 2025-06-18 18:30:43,769 ] 58 root - INFO - Entered get_data_trnasformer_object method of Trnasformation class
[ 2025-06-18 18:30:43,769 ] 63 root - INFO - Initialise KNNImputer with {'missing_values': nan, 'n_neighbors': 3, 'weights': 'uniform'}
[ 2025-06-18 18:30:43,779 ] 51 root - INFO - Entered the save_object method of MainUtils class
[ 2025-06-18 18:30:43,785 ] 55 root - INFO - Exited the save_object method of MainUtils class
[ 2025-06-18 18:30:43,785 ] 51 root - INFO - Entered the save_object method of MainUtils class
[ 2025-06-18 18:30:43,789 ] 55 root - INFO - Exited the save_object method of MainUtils class
[ 2025-06-18 18:34:27,374 ] 51 root - INFO - Entered the save_object method of MainUtils class
[ 2025-06-18 18:34:27,394 ] 55 root - INFO - Exited the save_object method of MainUtils class
[ 2025-06-18 18:34:27,394 ] 51 root - INFO - Entered the save_object method of MainUtils class
[ 2025-06-18 18:34:27,409 ] 55 root - INFO - Exited the save_object method of MainUtils class
[ 2025-06-18 18:34:27,425 ] 176 root - INFO - Model trainer artifact: ModelTrainerArtifact(trained_model_file_path='Artifacts\\06_18_2025_18_29_19\\model_trainer\\trained_model\\model.pkl', train_metric_artifact=ClassificationMetricArtifact(f1_score=0.9908034360788277, precision_score=0.9885057471264368, recall_score=0.9931118314424635), test_metric_artifact=ClassificationMetricArtifact(f1_score=0.9772357723577236, precision_score=0.970137207425343, recall_score=0.9844389844389845))
